<?xml version="1.0" encoding="UTF-8"?>
<!-- Generated by org.testng.reporters.JUnitReportReporter -->
<testsuite skipped="1" hostname="Mds-MacBook-Air.local" name="Runner.TestRunner" tests="1" failures="0" timestamp="2020-07-18T17:33:59 EDT" time="0.000" errors="0">
  <testcase name="feature" time="0.000" classname="Runner.TestRunner">
    <skipped/>
  </testcase> <!-- feature -->
</testsuite> <!-- Runner.TestRunner -->
